[02-15-26 9:03:35 pm] 
==================================
===        ====    =====      ====
===  =========  ==  ===   ==   ===
===  ========  ====  ==  ====  ===
===  ========  ====  ==  =========
===      ====  ====  ==  =========
===  ========  ====  ==  ===   ===
===  ========  ====  ==  ====  ===
===  =========  ==  ===   ==   ===
===  ==========    =====      ====
==================================
===== Free Opensource Ghost ======
==================================
============ Credits =============
= https://fogproject.org/Credits =
==================================
== Released under GPL Version 3 ==
==================================


[02-15-26 9:03:36 pm] Interface Ready with IP Address: 2asircristobal
[02-15-26 9:03:36 pm] Interface Ready with IP Address: 10.2.7.5
[02-15-26 9:03:36 pm] Interface Ready with IP Address: 127.0.0.1
[02-15-26 9:03:36 pm] Interface Ready with IP Address: 127.0.1.1
[02-15-26 9:03:36 pm]  * Starting SnapinHash Service
[02-15-26 9:03:36 pm]  * Checking for new items every 1800 seconds
[02-15-26 9:03:36 pm]  * Starting service loop
[02-15-26 9:03:36 pm]  * Starting Snapin Hashing Service.
[02-15-26 9:03:36 pm]  * We are group ID: 1. We are group name: default
[02-15-26 9:03:36 pm]  * We are node ID: 1. We are node name: DefaultMember
[02-15-26 9:03:36 pm]  * Finding any snapins associated with this group as its primary group
[02-15-26 9:03:36 pm]  * No snapins associated with this group as master.
[02-15-26 9:03:36 pm]  * Completed.
[02-15-26 9:33:36 pm]  * Starting Snapin Hashing Service.
[02-15-26 9:33:36 pm]  * We are group ID: 1. We are group name: default
[02-15-26 9:33:36 pm]  * We are node ID: 1. We are node name: DefaultMember
[02-15-26 9:33:36 pm]  * Finding any snapins associated with this group as its primary group
[02-15-26 9:33:36 pm]  * No snapins associated with this group as master.
[02-15-26 9:33:36 pm]  * Completed.
