[02-15-26 9:03:36 pm] 
==================================
===        ====    =====      ====
===  =========  ==  ===   ==   ===
===  ========  ====  ==  ====  ===
===  ========  ====  ==  =========
===      ====  ====  ==  =========
===  ========  ====  ==  ===   ===
===  ========  ====  ==  ====  ===
===  =========  ==  ===   ==   ===
===  ==========    =====      ====
==================================
===== Free Opensource Ghost ======
==================================
============ Credits =============
= https://fogproject.org/Credits =
==================================
== Released under GPL Version 3 ==
==================================


[02-15-26 9:03:36 pm] Interface Ready with IP Address: 2asircristobal
[02-15-26 9:03:36 pm] Interface Ready with IP Address: 10.2.7.5
[02-15-26 9:03:36 pm] Interface Ready with IP Address: 127.0.0.1
[02-15-26 9:03:36 pm] Interface Ready with IP Address: 127.0.1.1
[02-15-26 9:03:36 pm]  * Starting TaskScheduler Service
[02-15-26 9:03:36 pm]  * Checking for new items every 60 seconds
[02-15-26 9:03:36 pm]  * Starting service loop
[02-15-26 9:03:36 pm]  * No tasks found!
[02-15-26 9:04:36 pm]  * No tasks found!
[02-15-26 9:05:36 pm]  * No tasks found!
[02-15-26 9:06:36 pm]  * No tasks found!
[02-15-26 9:07:36 pm]  * No tasks found!
[02-15-26 9:08:36 pm]  * No tasks found!
[02-15-26 9:09:36 pm]  * No tasks found!
[02-15-26 9:10:36 pm]  * No tasks found!
[02-15-26 9:11:36 pm]  * No tasks found!
[02-15-26 9:12:36 pm]  * No tasks found!
[02-15-26 9:13:36 pm]  * No tasks found!
[02-15-26 9:14:36 pm]  * No tasks found!
[02-15-26 9:15:36 pm]  * No tasks found!
[02-15-26 9:16:36 pm]  * No tasks found!
[02-15-26 9:17:37 pm]  * No tasks found!
[02-15-26 9:18:37 pm]  * No tasks found!
[02-15-26 9:19:37 pm]  * No tasks found!
[02-15-26 9:20:37 pm]  * No tasks found!
[02-15-26 9:21:37 pm]  * No tasks found!
[02-15-26 9:22:37 pm]  * No tasks found!
[02-15-26 9:23:37 pm]  * No tasks found!
[02-15-26 9:24:37 pm]  * No tasks found!
[02-15-26 9:25:37 pm]  * No tasks found!
[02-15-26 9:26:37 pm]  * No tasks found!
[02-15-26 9:27:37 pm]  * No tasks found!
[02-15-26 9:28:37 pm]  * No tasks found!
[02-15-26 9:29:37 pm]  * No tasks found!
[02-15-26 9:30:37 pm]  * No tasks found!
[02-15-26 9:31:37 pm]  * No tasks found!
[02-15-26 9:32:37 pm]  * No tasks found!
[02-15-26 9:33:37 pm]  * No tasks found!
[02-15-26 9:34:37 pm]  * No tasks found!
[02-15-26 9:35:37 pm]  * No tasks found!
[02-15-26 9:36:37 pm]  * No tasks found!
[02-15-26 9:37:37 pm]  * No tasks found!
[02-15-26 9:38:37 pm]  * No tasks found!
[02-15-26 9:39:37 pm]  * No tasks found!
[02-15-26 9:40:37 pm]  * No tasks found!
[02-15-26 9:41:38 pm]  * No tasks found!
[02-15-26 9:42:38 pm]  * No tasks found!
[02-15-26 9:43:38 pm]  * No tasks found!
[02-15-26 9:44:38 pm]  * No tasks found!
[02-15-26 9:45:38 pm]  * No tasks found!
[02-15-26 9:46:38 pm]  * No tasks found!
[02-15-26 9:47:38 pm]  * No tasks found!
[02-15-26 9:48:38 pm]  * No tasks found!
[02-15-26 9:49:38 pm]  * No tasks found!
[02-15-26 9:50:38 pm]  * No tasks found!
[02-15-26 9:51:38 pm]  * No tasks found!
[02-15-26 9:52:38 pm]  * No tasks found!
[02-15-26 9:53:38 pm]  * No tasks found!
[02-15-26 9:54:38 pm]  * No tasks found!
[02-15-26 9:55:38 pm]  * No tasks found!
[02-15-26 9:56:38 pm]  * No tasks found!
[02-15-26 9:57:38 pm]  * No tasks found!
[02-15-26 9:58:38 pm]  * No tasks found!
[02-15-26 9:59:38 pm]  * No tasks found!
[02-15-26 10:00:38 pm]  * No tasks found!
