[02-09-26 9:30:28 am]  * ImageReplicator - Checking if I am the group manager.
[02-09-26 9:30:28 am]  * SnapinReplicator - Checking if I am the group manager.
[02-09-26 9:30:28 am]  * SnapinReplicator - I am the group manager.
[02-09-26 9:30:28 am]  * ImageReplicator - I am the group manager.
[02-12-26 5:48:36 pm]  * ImageReplicator - Checking if I am the group manager.
[02-12-26 5:48:36 pm]  * ImageReplicator - I am the group manager.
[02-12-26 5:48:36 pm]  * SnapinReplicator - Checking if I am the group manager.
[02-12-26 5:48:36 pm]  * SnapinReplicator - I am the group manager.
[02-12-26 5:58:36 pm]  * ImageReplicator - Checking if I am the group manager.
[02-12-26 5:58:36 pm]  * ImageReplicator - I am the group manager.
[02-12-26 5:58:36 pm]  * SnapinReplicator - Checking if I am the group manager.
[02-12-26 5:58:36 pm]  * SnapinReplicator - I am the group manager.
[02-12-26 9:07:13 pm]  * ImageReplicator - Checking if I am the group manager.
[02-12-26 9:07:13 pm]  * ImageReplicator - I am the group manager.
[02-12-26 9:07:13 pm]  * SnapinReplicator - Checking if I am the group manager.
[02-12-26 9:07:14 pm]  * SnapinReplicator - I am the group manager.
[02-12-26 9:17:14 pm]  * SnapinReplicator - Checking if I am the group manager.
[02-12-26 9:17:14 pm]  * ImageReplicator - Checking if I am the group manager.
[02-12-26 9:17:14 pm]  * SnapinReplicator - I am the group manager.
[02-12-26 9:17:14 pm]  * ImageReplicator - I am the group manager.
[02-12-26 9:22:38 pm]  * ImageReplicator - Checking if I am the group manager.
[02-12-26 9:22:38 pm]  * ImageReplicator - I am the group manager.
[02-12-26 9:22:38 pm]  * SnapinReplicator - Checking if I am the group manager.
[02-12-26 9:22:38 pm]  * SnapinReplicator - I am the group manager.
[02-12-26 9:32:38 pm]  * ImageReplicator - Checking if I am the group manager.
[02-12-26 9:32:38 pm]  * ImageReplicator - I am the group manager.
[02-12-26 9:32:38 pm]  * SnapinReplicator - Checking if I am the group manager.
[02-12-26 9:32:38 pm]  * SnapinReplicator - I am the group manager.
[02-12-26 9:42:38 pm]  * ImageReplicator - Checking if I am the group manager.
[02-12-26 9:42:38 pm]  * ImageReplicator - I am the group manager.
[02-12-26 9:42:38 pm]  * SnapinReplicator - Checking if I am the group manager.
[02-12-26 9:42:38 pm]  * SnapinReplicator - I am the group manager.
[02-12-26 9:52:38 pm]  * ImageReplicator - Checking if I am the group manager.
[02-12-26 9:52:38 pm]  * ImageReplicator - I am the group manager.
[02-12-26 9:52:38 pm]  * SnapinReplicator - Checking if I am the group manager.
[02-12-26 9:52:38 pm]  * SnapinReplicator - I am the group manager.
[02-12-26 10:02:38 pm]  * ImageReplicator - Checking if I am the group manager.
[02-12-26 10:02:38 pm]  * ImageReplicator - I am the group manager.
[02-12-26 10:02:38 pm]  * SnapinReplicator - Checking if I am the group manager.
[02-12-26 10:02:38 pm]  * SnapinReplicator - I am the group manager.
[02-14-26 11:14:49 am]  * ImageReplicator - Checking if I am the group manager.
[02-14-26 11:14:49 am]  * SnapinReplicator - Checking if I am the group manager.
[02-14-26 11:14:49 am]  * ImageReplicator - I am the group manager.
[02-14-26 11:14:49 am]  * SnapinReplicator - I am the group manager.
[02-14-26 4:30:31 pm]  * ImageReplicator - Checking if I am the group manager.
[02-14-26 4:30:31 pm]  * ImageReplicator - I am the group manager.
[02-14-26 4:30:31 pm]  * SnapinReplicator - Checking if I am the group manager.
[02-14-26 4:30:31 pm]  * SnapinReplicator - I am the group manager.
[02-14-26 4:40:31 pm]  * ImageReplicator - Checking if I am the group manager.
[02-14-26 4:40:31 pm]  * ImageReplicator - I am the group manager.
[02-14-26 4:40:31 pm]  * SnapinReplicator - Checking if I am the group manager.
[02-14-26 4:40:31 pm]  * SnapinReplicator - I am the group manager.
[02-14-26 4:50:31 pm]  * ImageReplicator - Checking if I am the group manager.
[02-14-26 4:50:31 pm]  * ImageReplicator - I am the group manager.
[02-14-26 4:50:31 pm]  * SnapinReplicator - Checking if I am the group manager.
[02-14-26 4:50:31 pm]  * SnapinReplicator - I am the group manager.
[02-14-26 5:00:31 pm]  * ImageReplicator - Checking if I am the group manager.
[02-14-26 5:00:31 pm]  * ImageReplicator - I am the group manager.
[02-14-26 5:00:31 pm]  * SnapinReplicator - Checking if I am the group manager.
[02-14-26 5:00:31 pm]  * SnapinReplicator - I am the group manager.
[02-14-26 5:10:31 pm]  * ImageReplicator - Checking if I am the group manager.
[02-14-26 5:10:31 pm]  * ImageReplicator - I am the group manager.
[02-14-26 5:10:31 pm]  * SnapinReplicator - Checking if I am the group manager.
[02-14-26 5:10:31 pm]  * SnapinReplicator - I am the group manager.
[02-14-26 5:20:31 pm]  * ImageReplicator - Checking if I am the group manager.
[02-14-26 5:20:31 pm]  * ImageReplicator - I am the group manager.
[02-14-26 5:20:31 pm]  * SnapinReplicator - Checking if I am the group manager.
[02-14-26 5:20:31 pm]  * SnapinReplicator - I am the group manager.
[02-14-26 5:30:31 pm]  * ImageReplicator - Checking if I am the group manager.
[02-14-26 5:30:31 pm]  * ImageReplicator - I am the group manager.
[02-14-26 5:30:31 pm]  * SnapinReplicator - Checking if I am the group manager.
[02-14-26 5:30:31 pm]  * SnapinReplicator - I am the group manager.
[02-14-26 5:40:31 pm]  * ImageReplicator - Checking if I am the group manager.
[02-14-26 5:40:31 pm]  * ImageReplicator - I am the group manager.
[02-14-26 5:40:31 pm]  * SnapinReplicator - Checking if I am the group manager.
[02-14-26 5:40:31 pm]  * SnapinReplicator - I am the group manager.
[02-15-26 10:16:46 am]  * ImageReplicator - Checking if I am the group manager.
[02-15-26 10:16:46 am]  * ImageReplicator - I am the group manager.
[02-15-26 10:16:46 am]  * SnapinReplicator - Checking if I am the group manager.
[02-15-26 10:16:46 am]  * SnapinReplicator - I am the group manager.
[02-15-26 10:26:46 am]  * ImageReplicator - Checking if I am the group manager.
[02-15-26 10:26:46 am]  * ImageReplicator - I am the group manager.
[02-15-26 10:26:46 am]  * SnapinReplicator - Checking if I am the group manager.
[02-15-26 10:26:46 am]  * SnapinReplicator - I am the group manager.
[02-15-26 10:38:33 am]  * ImageReplicator - Checking if I am the group manager.
[02-15-26 10:38:33 am]  * ImageReplicator - I am the group manager.
[02-15-26 10:38:33 am]  * SnapinReplicator - Checking if I am the group manager.
[02-15-26 10:38:33 am]  * SnapinReplicator - I am the group manager.
[02-15-26 10:48:33 am]  * ImageReplicator - Checking if I am the group manager.
[02-15-26 10:48:33 am]  * ImageReplicator - I am the group manager.
[02-15-26 10:48:34 am]  * SnapinReplicator - Checking if I am the group manager.
[02-15-26 10:48:34 am]  * SnapinReplicator - I am the group manager.
[02-15-26 5:15:39 pm]  * SnapinReplicator - Checking if I am the group manager.
[02-15-26 5:15:39 pm]  * SnapinReplicator - I am the group manager.
[02-15-26 5:15:39 pm]  * ImageReplicator - Checking if I am the group manager.
[02-15-26 5:15:39 pm]  * ImageReplicator - I am the group manager.
[02-15-26 5:25:39 pm]  * SnapinReplicator - Checking if I am the group manager.
[02-15-26 5:25:39 pm]  * SnapinReplicator - I am the group manager.
[02-15-26 5:25:39 pm]  * ImageReplicator - Checking if I am the group manager.
[02-15-26 5:25:39 pm]  * ImageReplicator - I am the group manager.
[02-15-26 5:35:39 pm]  * SnapinReplicator - Checking if I am the group manager.
[02-15-26 5:35:39 pm]  * SnapinReplicator - I am the group manager.
[02-15-26 5:35:39 pm]  * ImageReplicator - Checking if I am the group manager.
[02-15-26 5:35:39 pm]  * ImageReplicator - I am the group manager.
[02-15-26 5:45:39 pm]  * SnapinReplicator - Checking if I am the group manager.
[02-15-26 5:45:39 pm]  * SnapinReplicator - I am the group manager.
[02-15-26 5:45:39 pm]  * ImageReplicator - Checking if I am the group manager.
[02-15-26 5:45:39 pm]  * ImageReplicator - I am the group manager.
[02-15-26 5:55:39 pm]  * ImageReplicator - Checking if I am the group manager.
[02-15-26 5:55:39 pm]  * SnapinReplicator - Checking if I am the group manager.
[02-15-26 5:55:39 pm]  * ImageReplicator - I am the group manager.
[02-15-26 5:55:39 pm]  * SnapinReplicator - I am the group manager.
[02-15-26 5:56:08 pm]  * ImageReplicator - Checking if I am the group manager.
[02-15-26 5:56:08 pm]  * ImageReplicator - I am the group manager.
[02-15-26 5:56:08 pm]  * SnapinReplicator - Checking if I am the group manager.
[02-15-26 5:56:08 pm]  * SnapinReplicator - I am the group manager.
[02-15-26 6:06:08 pm]  * ImageReplicator - Checking if I am the group manager.
[02-15-26 6:06:08 pm]  * ImageReplicator - I am the group manager.
[02-15-26 6:06:08 pm]  * SnapinReplicator - Checking if I am the group manager.
[02-15-26 6:06:08 pm]  * SnapinReplicator - I am the group manager.
[02-15-26 6:16:08 pm]  * ImageReplicator - Checking if I am the group manager.
[02-15-26 6:16:08 pm]  * ImageReplicator - I am the group manager.
[02-15-26 6:16:08 pm]  * SnapinReplicator - Checking if I am the group manager.
[02-15-26 6:16:09 pm]  * SnapinReplicator - I am the group manager.
[02-15-26 6:26:08 pm]  * ImageReplicator - Checking if I am the group manager.
[02-15-26 6:26:08 pm]  * ImageReplicator - I am the group manager.
[02-15-26 6:26:09 pm]  * SnapinReplicator - Checking if I am the group manager.
[02-15-26 6:26:09 pm]  * SnapinReplicator - I am the group manager.
[02-15-26 6:36:09 pm]  * ImageReplicator - Checking if I am the group manager.
[02-15-26 6:36:09 pm]  * ImageReplicator - I am the group manager.
[02-15-26 6:36:09 pm]  * SnapinReplicator - Checking if I am the group manager.
[02-15-26 6:36:09 pm]  * SnapinReplicator - I am the group manager.
[02-15-26 6:46:09 pm]  * ImageReplicator - Checking if I am the group manager.
[02-15-26 6:46:09 pm]  * ImageReplicator - I am the group manager.
[02-15-26 6:46:09 pm]  * SnapinReplicator - Checking if I am the group manager.
[02-15-26 6:46:09 pm]  * SnapinReplicator - I am the group manager.
[02-15-26 9:03:36 pm]  * ImageReplicator - Checking if I am the group manager.
[02-15-26 9:03:36 pm]  * ImageReplicator - I am the group manager.
[02-15-26 9:03:36 pm]  * SnapinReplicator - Checking if I am the group manager.
[02-15-26 9:03:36 pm]  * SnapinReplicator - I am the group manager.
[02-15-26 9:13:36 pm]  * ImageReplicator - Checking if I am the group manager.
[02-15-26 9:13:36 pm]  * ImageReplicator - I am the group manager.
[02-15-26 9:13:36 pm]  * SnapinReplicator - Checking if I am the group manager.
[02-15-26 9:13:36 pm]  * SnapinReplicator - I am the group manager.
[02-15-26 9:23:36 pm]  * ImageReplicator - Checking if I am the group manager.
[02-15-26 9:23:36 pm]  * ImageReplicator - I am the group manager.
[02-15-26 9:23:36 pm]  * SnapinReplicator - Checking if I am the group manager.
[02-15-26 9:23:36 pm]  * SnapinReplicator - I am the group manager.
[02-15-26 9:33:36 pm]  * ImageReplicator - Checking if I am the group manager.
[02-15-26 9:33:36 pm]  * ImageReplicator - I am the group manager.
[02-15-26 9:33:36 pm]  * SnapinReplicator - Checking if I am the group manager.
[02-15-26 9:33:36 pm]  * SnapinReplicator - I am the group manager.
[02-15-26 9:43:36 pm]  * ImageReplicator - Checking if I am the group manager.
[02-15-26 9:43:36 pm]  * ImageReplicator - I am the group manager.
[02-15-26 9:43:36 pm]  * SnapinReplicator - Checking if I am the group manager.
[02-15-26 9:43:36 pm]  * SnapinReplicator - I am the group manager.
[02-15-26 9:53:36 pm]  * ImageReplicator - Checking if I am the group manager.
[02-15-26 9:53:36 pm]  * ImageReplicator - I am the group manager.
[02-15-26 9:53:36 pm]  * SnapinReplicator - Checking if I am the group manager.
[02-15-26 9:53:36 pm]  * SnapinReplicator - I am the group manager.
