[02-15-26 9:03:36 pm] 
==================================
===        ====    =====      ====
===  =========  ==  ===   ==   ===
===  ========  ====  ==  ====  ===
===  ========  ====  ==  =========
===      ====  ====  ==  =========
===  ========  ====  ==  ===   ===
===  ========  ====  ==  ====  ===
===  =========  ==  ===   ==   ===
===  ==========    =====      ====
==================================
===== Free Opensource Ghost ======
==================================
============ Credits =============
= https://fogproject.org/Credits =
==================================
== Released under GPL Version 3 ==
==================================


[02-15-26 9:03:36 pm] Interface Ready with IP Address: 2asircristobal
[02-15-26 9:03:36 pm] Interface Ready with IP Address: 10.2.7.5
[02-15-26 9:03:36 pm] Interface Ready with IP Address: 127.0.0.1
[02-15-26 9:03:36 pm] Interface Ready with IP Address: 127.0.1.1
[02-15-26 9:03:36 pm]  * Starting MulticastManager Service
[02-15-26 9:03:36 pm]  * Checking for new items every 10 seconds
[02-15-26 9:03:36 pm]  * Starting service loop
[02-15-26 9:03:36 pm]  * No new tasks found
[02-15-26 9:03:46 pm]  * No new tasks found
[02-15-26 9:03:56 pm]  * No new tasks found
[02-15-26 9:04:06 pm]  * No new tasks found
[02-15-26 9:04:17 pm]  * No new tasks found
[02-15-26 9:04:27 pm]  * No new tasks found
[02-15-26 9:04:37 pm]  * No new tasks found
[02-15-26 9:04:47 pm]  * No new tasks found
[02-15-26 9:04:57 pm]  * No new tasks found
[02-15-26 9:05:07 pm]  * No new tasks found
[02-15-26 9:05:17 pm]  * No new tasks found
[02-15-26 9:05:27 pm]  * No new tasks found
[02-15-26 9:05:37 pm]  * No new tasks found
[02-15-26 9:05:47 pm]  * No new tasks found
[02-15-26 9:05:57 pm]  * No new tasks found
[02-15-26 9:06:07 pm]  * No new tasks found
[02-15-26 9:06:17 pm]  * No new tasks found
[02-15-26 9:06:27 pm]  * No new tasks found
[02-15-26 9:06:37 pm]  * No new tasks found
[02-15-26 9:06:48 pm]  * No new tasks found
[02-15-26 9:06:58 pm]  * No new tasks found
[02-15-26 9:07:08 pm]  * No new tasks found
[02-15-26 9:07:18 pm]  * No new tasks found
[02-15-26 9:07:28 pm]  * No new tasks found
[02-15-26 9:07:38 pm]  * No new tasks found
[02-15-26 9:07:48 pm]  * No new tasks found
[02-15-26 9:07:58 pm]  * No new tasks found
[02-15-26 9:08:08 pm]  * No new tasks found
[02-15-26 9:08:18 pm]  * No new tasks found
[02-15-26 9:08:28 pm]  * No new tasks found
[02-15-26 9:08:38 pm]  * No new tasks found
[02-15-26 9:08:48 pm]  * No new tasks found
[02-15-26 9:08:59 pm]  * No new tasks found
[02-15-26 9:09:09 pm]  * No new tasks found
[02-15-26 9:09:19 pm]  * No new tasks found
[02-15-26 9:09:29 pm]  * No new tasks found
[02-15-26 9:09:39 pm]  * No new tasks found
[02-15-26 9:09:49 pm]  * No new tasks found
[02-15-26 9:09:59 pm]  * No new tasks found
[02-15-26 9:10:09 pm]  * No new tasks found
[02-15-26 9:10:19 pm]  * No new tasks found
[02-15-26 9:10:29 pm]  * No new tasks found
[02-15-26 9:10:39 pm]  * No new tasks found
[02-15-26 9:10:49 pm]  * No new tasks found
[02-15-26 9:10:59 pm]  * No new tasks found
[02-15-26 9:11:09 pm]  * No new tasks found
[02-15-26 9:11:20 pm]  * No new tasks found
[02-15-26 9:11:30 pm]  * No new tasks found
[02-15-26 9:11:40 pm]  * No new tasks found
[02-15-26 9:11:50 pm]  * No new tasks found
[02-15-26 9:12:00 pm]  * No new tasks found
[02-15-26 9:12:10 pm]  * No new tasks found
[02-15-26 9:12:20 pm]  * No new tasks found
[02-15-26 9:12:30 pm]  * No new tasks found
[02-15-26 9:12:40 pm]  * No new tasks found
[02-15-26 9:12:50 pm]  * No new tasks found
[02-15-26 9:13:00 pm]  * No new tasks found
[02-15-26 9:13:10 pm]  * No new tasks found
[02-15-26 9:13:20 pm]  * No new tasks found
[02-15-26 9:13:31 pm]  * No new tasks found
[02-15-26 9:13:41 pm]  * No new tasks found
[02-15-26 9:13:51 pm]  * No new tasks found
[02-15-26 9:14:01 pm]  * No new tasks found
[02-15-26 9:14:11 pm]  * No new tasks found
[02-15-26 9:14:21 pm]  * No new tasks found
[02-15-26 9:14:31 pm]  * No new tasks found
[02-15-26 9:14:41 pm]  * No new tasks found
[02-15-26 9:14:51 pm]  * No new tasks found
[02-15-26 9:15:01 pm]  * No new tasks found
[02-15-26 9:15:11 pm]  * No new tasks found
[02-15-26 9:15:21 pm]  * No new tasks found
[02-15-26 9:15:31 pm]  * No new tasks found
[02-15-26 9:15:42 pm]  * No new tasks found
[02-15-26 9:15:52 pm]  * No new tasks found
[02-15-26 9:16:02 pm]  * No new tasks found
[02-15-26 9:16:12 pm]  * No new tasks found
[02-15-26 9:16:22 pm]  * No new tasks found
[02-15-26 9:16:32 pm]  * No new tasks found
[02-15-26 9:16:42 pm]  * No new tasks found
[02-15-26 9:16:52 pm]  * No new tasks found
[02-15-26 9:17:02 pm]  * No new tasks found
[02-15-26 9:17:12 pm]  * No new tasks found
[02-15-26 9:17:23 pm]  * No new tasks found
[02-15-26 9:17:33 pm]  * No new tasks found
[02-15-26 9:17:43 pm]  * No new tasks found
[02-15-26 9:17:53 pm]  * No new tasks found
[02-15-26 9:18:03 pm]  * No new tasks found
[02-15-26 9:18:13 pm]  * No new tasks found
[02-15-26 9:18:23 pm]  * No new tasks found
[02-15-26 9:18:33 pm]  * No new tasks found
[02-15-26 9:18:43 pm]  * No new tasks found
[02-15-26 9:18:53 pm]  * No new tasks found
[02-15-26 9:19:03 pm]  * No new tasks found
[02-15-26 9:19:13 pm]  * No new tasks found
[02-15-26 9:19:23 pm]  * No new tasks found
[02-15-26 9:19:33 pm]  * No new tasks found
[02-15-26 9:19:43 pm]  * No new tasks found
[02-15-26 9:19:53 pm]  * No new tasks found
[02-15-26 9:20:03 pm]  * No new tasks found
[02-15-26 9:20:13 pm]  * No new tasks found
[02-15-26 9:20:23 pm]  * No new tasks found
[02-15-26 9:20:33 pm]  * No new tasks found
[02-15-26 9:20:43 pm]  * No new tasks found
[02-15-26 9:20:53 pm]  * No new tasks found
[02-15-26 9:21:03 pm]  * No new tasks found
[02-15-26 9:21:14 pm]  * No new tasks found
[02-15-26 9:21:24 pm]  * No new tasks found
[02-15-26 9:21:34 pm]  * No new tasks found
[02-15-26 9:21:44 pm]  * No new tasks found
[02-15-26 9:21:54 pm]  * No new tasks found
[02-15-26 9:22:04 pm]  * No new tasks found
[02-15-26 9:22:14 pm]  * No new tasks found
[02-15-26 9:22:24 pm]  * No new tasks found
[02-15-26 9:22:34 pm]  * No new tasks found
[02-15-26 9:22:44 pm]  * No new tasks found
[02-15-26 9:22:54 pm]  * No new tasks found
[02-15-26 9:23:04 pm]  * No new tasks found
[02-15-26 9:23:15 pm]  * No new tasks found
[02-15-26 9:23:25 pm]  * No new tasks found
[02-15-26 9:23:35 pm]  * No new tasks found
[02-15-26 9:23:45 pm]  * No new tasks found
[02-15-26 9:23:55 pm]  * No new tasks found
[02-15-26 9:24:05 pm]  * No new tasks found
[02-15-26 9:24:15 pm]  * No new tasks found
[02-15-26 9:24:25 pm]  * No new tasks found
[02-15-26 9:24:35 pm]  * No new tasks found
[02-15-26 9:24:45 pm]  * No new tasks found
[02-15-26 9:24:55 pm]  * No new tasks found
[02-15-26 9:25:05 pm]  * No new tasks found
[02-15-26 9:25:15 pm]  * No new tasks found
[02-15-26 9:25:25 pm]  * No new tasks found
[02-15-26 9:25:35 pm]  * No new tasks found
[02-15-26 9:25:46 pm]  * No new tasks found
[02-15-26 9:25:56 pm]  * No new tasks found
[02-15-26 9:26:06 pm]  * No new tasks found
[02-15-26 9:26:16 pm]  * No new tasks found
[02-15-26 9:26:26 pm]  * No new tasks found
[02-15-26 9:26:36 pm]  * No new tasks found
[02-15-26 9:26:46 pm]  * No new tasks found
[02-15-26 9:26:56 pm]  * No new tasks found
[02-15-26 9:27:06 pm]  * No new tasks found
[02-15-26 9:27:16 pm]  * No new tasks found
[02-15-26 9:27:26 pm]  * No new tasks found
[02-15-26 9:27:37 pm]  * No new tasks found
[02-15-26 9:27:47 pm]  * No new tasks found
[02-15-26 9:27:57 pm]  * No new tasks found
[02-15-26 9:28:07 pm]  * No new tasks found
[02-15-26 9:28:17 pm]  * No new tasks found
[02-15-26 9:28:27 pm]  * No new tasks found
[02-15-26 9:28:37 pm]  * No new tasks found
[02-15-26 9:28:47 pm]  * No new tasks found
[02-15-26 9:28:57 pm]  * No new tasks found
[02-15-26 9:29:07 pm]  * No new tasks found
[02-15-26 9:29:17 pm]  * No new tasks found
[02-15-26 9:29:27 pm]  * No new tasks found
[02-15-26 9:29:37 pm]  * No new tasks found
[02-15-26 9:29:47 pm]  * No new tasks found
[02-15-26 9:29:58 pm]  * No new tasks found
[02-15-26 9:30:08 pm]  * No new tasks found
[02-15-26 9:30:18 pm]  * No new tasks found
[02-15-26 9:30:28 pm]  * No new tasks found
[02-15-26 9:30:38 pm]  * No new tasks found
[02-15-26 9:30:48 pm]  * No new tasks found
[02-15-26 9:30:58 pm]  * No new tasks found
[02-15-26 9:31:08 pm]  * No new tasks found
[02-15-26 9:31:18 pm]  * No new tasks found
[02-15-26 9:31:28 pm]  * No new tasks found
[02-15-26 9:31:38 pm]  * No new tasks found
[02-15-26 9:31:48 pm]  * No new tasks found
[02-15-26 9:31:58 pm]  * No new tasks found
[02-15-26 9:32:08 pm]  * No new tasks found
[02-15-26 9:32:18 pm]  * No new tasks found
[02-15-26 9:32:28 pm]  * No new tasks found
[02-15-26 9:32:38 pm]  * No new tasks found
[02-15-26 9:32:48 pm]  * No new tasks found
[02-15-26 9:32:59 pm]  * No new tasks found
[02-15-26 9:33:09 pm]  * No new tasks found
[02-15-26 9:33:19 pm]  * No new tasks found
[02-15-26 9:33:29 pm]  * No new tasks found
[02-15-26 9:33:39 pm]  * No new tasks found
[02-15-26 9:33:49 pm]  * No new tasks found
[02-15-26 9:33:59 pm]  * No new tasks found
[02-15-26 9:34:09 pm]  * No new tasks found
[02-15-26 9:34:19 pm]  * No new tasks found
[02-15-26 9:34:29 pm]  * No new tasks found
[02-15-26 9:34:39 pm]  * No new tasks found
[02-15-26 9:34:50 pm]  * No new tasks found
[02-15-26 9:35:00 pm]  * No new tasks found
[02-15-26 9:35:10 pm]  * No new tasks found
[02-15-26 9:35:20 pm]  * No new tasks found
[02-15-26 9:35:30 pm]  * No new tasks found
[02-15-26 9:35:40 pm]  * No new tasks found
[02-15-26 9:35:50 pm]  * No new tasks found
[02-15-26 9:36:00 pm]  * No new tasks found
[02-15-26 9:36:10 pm]  * No new tasks found
[02-15-26 9:36:20 pm]  * No new tasks found
[02-15-26 9:36:30 pm]  * No new tasks found
[02-15-26 9:36:40 pm]  * No new tasks found
[02-15-26 9:36:50 pm]  * No new tasks found
[02-15-26 9:37:00 pm]  * No new tasks found
[02-15-26 9:37:10 pm]  * No new tasks found
[02-15-26 9:37:20 pm]  * No new tasks found
[02-15-26 9:37:30 pm]  * No new tasks found
[02-15-26 9:37:40 pm]  * No new tasks found
[02-15-26 9:37:50 pm]  * No new tasks found
[02-15-26 9:38:00 pm]  * No new tasks found
[02-15-26 9:38:11 pm]  * No new tasks found
[02-15-26 9:38:21 pm]  * No new tasks found
[02-15-26 9:38:31 pm]  * No new tasks found
[02-15-26 9:38:41 pm]  * No new tasks found
[02-15-26 9:38:51 pm]  * No new tasks found
[02-15-26 9:39:01 pm]  * No new tasks found
[02-15-26 9:39:11 pm]  * No new tasks found
[02-15-26 9:39:21 pm]  * No new tasks found
[02-15-26 9:39:31 pm]  * No new tasks found
[02-15-26 9:39:41 pm]  * No new tasks found
[02-15-26 9:39:51 pm]  * No new tasks found
[02-15-26 9:40:01 pm]  * No new tasks found
[02-15-26 9:40:11 pm]  * No new tasks found
[02-15-26 9:40:22 pm]  * No new tasks found
[02-15-26 9:40:32 pm]  * No new tasks found
[02-15-26 9:40:42 pm]  * No new tasks found
[02-15-26 9:40:52 pm]  * No new tasks found
[02-15-26 9:41:02 pm]  * No new tasks found
[02-15-26 9:41:12 pm]  * No new tasks found
[02-15-26 9:41:22 pm]  * No new tasks found
[02-15-26 9:41:32 pm]  * No new tasks found
[02-15-26 9:41:42 pm]  * No new tasks found
[02-15-26 9:41:52 pm]  * No new tasks found
[02-15-26 9:42:03 pm]  * No new tasks found
[02-15-26 9:42:13 pm]  * No new tasks found
[02-15-26 9:42:23 pm]  * No new tasks found
[02-15-26 9:42:33 pm]  * No new tasks found
[02-15-26 9:42:43 pm]  * No new tasks found
[02-15-26 9:42:53 pm]  * No new tasks found
[02-15-26 9:43:03 pm]  * No new tasks found
[02-15-26 9:43:13 pm]  * No new tasks found
[02-15-26 9:43:23 pm]  * No new tasks found
[02-15-26 9:43:33 pm]  * No new tasks found
[02-15-26 9:43:43 pm]  * No new tasks found
[02-15-26 9:43:54 pm]  * No new tasks found
[02-15-26 9:44:04 pm]  * No new tasks found
[02-15-26 9:44:14 pm]  * No new tasks found
[02-15-26 9:44:24 pm]  * No new tasks found
[02-15-26 9:44:34 pm]  * No new tasks found
[02-15-26 9:44:44 pm]  * No new tasks found
[02-15-26 9:44:54 pm]  * No new tasks found
[02-15-26 9:45:04 pm]  * No new tasks found
[02-15-26 9:45:14 pm]  * No new tasks found
[02-15-26 9:45:24 pm]  * No new tasks found
[02-15-26 9:45:35 pm]  * No new tasks found
[02-15-26 9:45:45 pm]  * No new tasks found
[02-15-26 9:45:55 pm]  * No new tasks found
[02-15-26 9:46:05 pm]  * No new tasks found
[02-15-26 9:46:15 pm]  * No new tasks found
[02-15-26 9:46:25 pm]  * No new tasks found
[02-15-26 9:46:35 pm]  * No new tasks found
[02-15-26 9:46:45 pm]  * No new tasks found
[02-15-26 9:46:55 pm]  * No new tasks found
[02-15-26 9:47:05 pm]  * No new tasks found
[02-15-26 9:47:16 pm]  * No new tasks found
[02-15-26 9:47:26 pm]  * No new tasks found
[02-15-26 9:47:36 pm]  * No new tasks found
[02-15-26 9:47:46 pm]  * No new tasks found
[02-15-26 9:47:56 pm]  * No new tasks found
[02-15-26 9:48:06 pm]  * No new tasks found
[02-15-26 9:48:16 pm]  * No new tasks found
[02-15-26 9:48:26 pm]  * No new tasks found
[02-15-26 9:48:36 pm]  * No new tasks found
[02-15-26 9:48:46 pm]  * No new tasks found
[02-15-26 9:48:56 pm]  * No new tasks found
[02-15-26 9:49:06 pm]  * No new tasks found
[02-15-26 9:49:16 pm]  * No new tasks found
[02-15-26 9:49:26 pm]  * No new tasks found
[02-15-26 9:49:36 pm]  * No new tasks found
[02-15-26 9:49:46 pm]  * No new tasks found
[02-15-26 9:49:56 pm]  * No new tasks found
[02-15-26 9:50:06 pm]  * No new tasks found
[02-15-26 9:50:16 pm]  * No new tasks found
[02-15-26 9:50:26 pm]  * No new tasks found
[02-15-26 9:50:36 pm]  * No new tasks found
[02-15-26 9:50:46 pm]  * No new tasks found
[02-15-26 9:50:57 pm]  * No new tasks found
[02-15-26 9:51:07 pm]  * No new tasks found
[02-15-26 9:51:17 pm]  * No new tasks found
[02-15-26 9:51:27 pm]  * No new tasks found
[02-15-26 9:51:37 pm]  * No new tasks found
[02-15-26 9:51:47 pm]  * No new tasks found
[02-15-26 9:51:57 pm]  * No new tasks found
[02-15-26 9:52:07 pm]  * No new tasks found
[02-15-26 9:52:17 pm]  * No new tasks found
[02-15-26 9:52:27 pm]  * No new tasks found
[02-15-26 9:52:37 pm]  * No new tasks found
[02-15-26 9:52:47 pm]  * No new tasks found
[02-15-26 9:52:57 pm]  * No new tasks found
[02-15-26 9:53:08 pm]  * No new tasks found
[02-15-26 9:53:18 pm]  * No new tasks found
[02-15-26 9:53:28 pm]  * No new tasks found
[02-15-26 9:53:38 pm]  * No new tasks found
[02-15-26 9:53:48 pm]  * No new tasks found
[02-15-26 9:53:58 pm]  * No new tasks found
[02-15-26 9:54:08 pm]  * No new tasks found
[02-15-26 9:54:18 pm]  * No new tasks found
[02-15-26 9:54:28 pm]  * No new tasks found
[02-15-26 9:54:38 pm]  * No new tasks found
[02-15-26 9:54:49 pm]  * No new tasks found
[02-15-26 9:54:59 pm]  * No new tasks found
[02-15-26 9:55:09 pm]  * No new tasks found
[02-15-26 9:55:19 pm]  * No new tasks found
[02-15-26 9:55:29 pm]  * No new tasks found
[02-15-26 9:55:39 pm]  * No new tasks found
[02-15-26 9:55:49 pm]  * No new tasks found
[02-15-26 9:55:59 pm]  * No new tasks found
[02-15-26 9:56:09 pm]  * No new tasks found
[02-15-26 9:56:19 pm]  * No new tasks found
[02-15-26 9:56:30 pm]  * No new tasks found
[02-15-26 9:56:40 pm]  * No new tasks found
[02-15-26 9:56:50 pm]  * No new tasks found
[02-15-26 9:57:00 pm]  * No new tasks found
[02-15-26 9:57:10 pm]  * No new tasks found
[02-15-26 9:57:20 pm]  * No new tasks found
[02-15-26 9:57:30 pm]  * No new tasks found
[02-15-26 9:57:40 pm]  * No new tasks found
[02-15-26 9:57:50 pm]  * No new tasks found
[02-15-26 9:58:00 pm]  * No new tasks found
[02-15-26 9:58:10 pm]  * No new tasks found
[02-15-26 9:58:20 pm]  * No new tasks found
[02-15-26 9:58:31 pm]  * No new tasks found
[02-15-26 9:58:41 pm]  * No new tasks found
[02-15-26 9:58:51 pm]  * No new tasks found
[02-15-26 9:59:01 pm]  * No new tasks found
[02-15-26 9:59:11 pm]  * No new tasks found
[02-15-26 9:59:21 pm]  * No new tasks found
[02-15-26 9:59:31 pm]  * No new tasks found
[02-15-26 9:59:41 pm]  * No new tasks found
[02-15-26 9:59:51 pm]  * No new tasks found
[02-15-26 10:00:01 pm]  * No new tasks found
[02-15-26 10:00:11 pm]  * No new tasks found
[02-15-26 10:00:22 pm]  * No new tasks found
[02-15-26 10:00:32 pm]  * No new tasks found
