[02-09-26 9:30:28 am] FOGPingHosts Start
[02-09-26 9:30:28 am] FOGPingHosts child process (33360) is running.
[02-09-26 9:30:28 am] FOGPingHosts forked child process (33360).
[02-09-26 9:30:28 am] FOGImageReplicator Start
[02-09-26 9:30:28 am] FOGImageReplicator child process (33367) is running.
[02-09-26 9:30:28 am] FOGImageReplicator forked child process (33367).
[02-09-26 9:30:28 am] FOGMulticastManager Start
[02-09-26 9:30:28 am] FOGMulticastManager child process (33371) is running.
[02-09-26 9:30:28 am] FOGMulticastManager forked child process (33371).
[02-09-26 9:30:28 am] FOGSnapinReplicator Start
[02-09-26 9:30:28 am] FOGSnapinReplicator child process (33387) is running.
[02-09-26 9:30:28 am] FOGSnapinReplicator forked child process (33387).
[02-09-26 9:30:28 am] FOGTaskScheduler Start
[02-09-26 9:30:28 am] FOGTaskScheduler child process (33396) is running.
[02-09-26 9:30:28 am] FOGTaskScheduler forked child process (33396).
[02-09-26 9:30:28 am] FOGSnapinHash Start
[02-09-26 9:30:28 am] FOGSnapinHash child process (33426) is running.
[02-09-26 9:30:28 am] FOGSnapinHash forked child process (33426).
[02-09-26 9:30:28 am] FOGImageSize Start
[02-09-26 9:30:28 am] FOGImageSize child process (33430) is running.
[02-09-26 9:30:28 am] FOGImageSize forked child process (33430).
[02-09-26 9:34:04 am] Service_Signal_handler (33291) received signal 15.
[02-09-26 9:34:04 am] Service_Signal_handler (33291) killing child (33367).
[02-09-26 9:34:04 am] Service_Signal_handler (33291) exiting.
[02-09-26 9:34:04 am] Service_Signal_handler (33319) received signal 15.
[02-09-26 9:34:04 am] Service_Signal_handler (33319) killing child (33430).
[02-09-26 9:34:04 am] Service_Signal_handler (33319) exiting.
[02-09-26 9:34:04 am] Service_Signal_handler (33306) received signal 15.
[02-09-26 9:34:04 am] Service_Signal_handler (33306) killing child (33360).
[02-09-26 9:34:04 am] Service_Signal_handler (33306) exiting.
[02-09-26 9:34:04 am] Service_Signal_handler (33286) received signal 15.
[02-09-26 9:34:04 am] Service_Signal_handler (33286) killing child (33371).
[02-09-26 9:34:04 am] Service_Signal_handler (33286) exiting.
[02-09-26 9:34:04 am] Service_Signal_handler (33301) received signal 15.
[02-09-26 9:34:04 am] Service_Signal_handler (33301) killing child (33396).
[02-09-26 9:34:04 am] Service_Signal_handler (33301) exiting.
[02-09-26 9:34:04 am] Service_Signal_handler (33312) received signal 15.
[02-09-26 9:34:04 am] Service_Signal_handler (33312) killing child (33426).
[02-09-26 9:34:04 am] Service_Signal_handler (33312) exiting.
[02-09-26 9:34:04 am] Service_Signal_handler (33296) received signal 15.
[02-09-26 9:34:04 am] Service_Signal_handler (33296) killing child (33387).
[02-09-26 9:34:04 am] Service_Signal_handler (33296) exiting.
[02-12-26 5:48:36 pm] FOGImageReplicator Start
[02-12-26 5:48:36 pm] FOGTaskScheduler Start
[02-12-26 5:48:36 pm] FOGTaskScheduler forked child process (1195).
[02-12-26 5:48:36 pm] FOGTaskScheduler child process (1195) is running.
[02-12-26 5:48:36 pm] FOGImageReplicator child process (1194) is running.
[02-12-26 5:48:36 pm] FOGMulticastManager Start
[02-12-26 5:48:36 pm] FOGMulticastManager forked child process (1196).
[02-12-26 5:48:36 pm] FOGImageReplicator forked child process (1194).
[02-12-26 5:48:36 pm] FOGMulticastManager child process (1196) is running.
[02-12-26 5:48:36 pm] FOGPingHosts Start
[02-12-26 5:48:36 pm] FOGPingHosts forked child process (1202).
[02-12-26 5:48:36 pm] FOGPingHosts child process (1202) is running.
[02-12-26 5:48:36 pm] FOGImageSize Start
[02-12-26 5:48:36 pm] FOGImageSize child process (1223) is running.
[02-12-26 5:48:36 pm] FOGImageSize forked child process (1223).
[02-12-26 5:48:36 pm] FOGSnapinHash Start
[02-12-26 5:48:36 pm] FOGSnapinHash forked child process (1227).
[02-12-26 5:48:36 pm] FOGSnapinHash child process (1227) is running.
[02-12-26 5:48:36 pm] FOGSnapinReplicator Start
[02-12-26 5:48:36 pm] FOGSnapinReplicator forked child process (1229).
[02-12-26 5:48:36 pm] FOGSnapinReplicator child process (1229) is running.
[02-12-26 5:59:57 pm] Service_Signal_handler (1147) received signal 15.
[02-12-26 5:59:57 pm] Service_Signal_handler (1147) killing child (1194).
[02-12-26 5:59:57 pm] Service_Signal_handler (1147) exiting.
[02-12-26 5:59:57 pm] Service_Signal_handler (1150) received signal 15.
[02-12-26 5:59:57 pm] Service_Signal_handler (1150) killing child (1223).
[02-12-26 5:59:57 pm] Service_Signal_handler (1150) exiting.
[02-12-26 5:59:57 pm] Service_Signal_handler (1153) received signal 15.
[02-12-26 5:59:57 pm] Service_Signal_handler (1153) killing child (1196).
[02-12-26 5:59:57 pm] Service_Signal_handler (1153) exiting.
[02-12-26 5:59:57 pm] Service_Signal_handler (1157) received signal 15.
[02-12-26 5:59:57 pm] Service_Signal_handler (1157) killing child (1227).
[02-12-26 5:59:57 pm] Service_Signal_handler (1157) exiting.
[02-12-26 5:59:57 pm] Service_Signal_handler (1154) received signal 15.
[02-12-26 5:59:57 pm] Service_Signal_handler (1154) killing child (1202).
[02-12-26 5:59:57 pm] Service_Signal_handler (1154) exiting.
[02-12-26 5:59:57 pm] Service_Signal_handler (1159) received signal 15.
[02-12-26 5:59:57 pm] Service_Signal_handler (1159) killing child (1229).
[02-12-26 5:59:57 pm] Service_Signal_handler (1159) exiting.
[02-12-26 5:59:57 pm] Service_Signal_handler (1155) received signal 15.
[02-12-26 5:59:57 pm] Service_Signal_handler (1155) killing child (1195).
[02-12-26 5:59:57 pm] Service_Signal_handler (1155) exiting.
[02-12-26 9:07:13 pm] FOGImageSize Start
[02-12-26 9:07:13 pm] FOGImageReplicator Start
[02-12-26 9:07:13 pm] FOGMulticastManager Start
[02-12-26 9:07:13 pm] FOGImageSize forked child process (1101).
[02-12-26 9:07:13 pm] FOGImageReplicator forked child process (1102).
[02-12-26 9:07:13 pm] FOGImageSize child process (1101) is running.
[02-12-26 9:07:13 pm] FOGMulticastManager forked child process (1103).
[02-12-26 9:07:13 pm] FOGImageReplicator child process (1102) is running.
[02-12-26 9:07:13 pm] FOGMulticastManager child process (1103) is running.
[02-12-26 9:07:13 pm] FOGPingHosts Start
[02-12-26 9:07:13 pm] FOGTaskScheduler Start
[02-12-26 9:07:13 pm] FOGPingHosts forked child process (1110).
[02-12-26 9:07:13 pm] FOGPingHosts child process (1110) is running.
[02-12-26 9:07:13 pm] FOGTaskScheduler forked child process (1112).
[02-12-26 9:07:13 pm] FOGSnapinHash Start
[02-12-26 9:07:13 pm] FOGTaskScheduler child process (1112) is running.
[02-12-26 9:07:13 pm] FOGSnapinHash forked child process (1115).
[02-12-26 9:07:13 pm] FOGSnapinHash child process (1115) is running.
[02-12-26 9:07:13 pm] FOGSnapinReplicator Start
[02-12-26 9:07:13 pm] FOGSnapinReplicator forked child process (1136).
[02-12-26 9:07:13 pm] FOGSnapinReplicator child process (1136) is running.
[02-12-26 9:17:56 pm] Service_Signal_handler (1062) received signal 15.
[02-12-26 9:17:56 pm] Service_Signal_handler (1062) killing child (1103).
[02-12-26 9:17:56 pm] Service_Signal_handler (1062) exiting.
[02-12-26 9:17:56 pm] Service_Signal_handler (1060) received signal 15.
[02-12-26 9:17:56 pm] Service_Signal_handler (1060) killing child (1102).
[02-12-26 9:17:56 pm] Service_Signal_handler (1060) exiting.
[02-12-26 9:17:56 pm] Service_Signal_handler (1071) received signal 15.
[02-12-26 9:17:56 pm] Service_Signal_handler (1071) killing child (1136).
[02-12-26 9:17:56 pm] Service_Signal_handler (1071) exiting.
[02-12-26 9:17:56 pm] Service_Signal_handler (1066) received signal 15.
[02-12-26 9:17:56 pm] Service_Signal_handler (1066) killing child (1112).
[02-12-26 9:17:56 pm] Service_Signal_handler (1066) exiting.
[02-12-26 9:17:56 pm] Service_Signal_handler (1065) received signal 15.
[02-12-26 9:17:56 pm] Service_Signal_handler (1065) killing child (1110).
[02-12-26 9:17:56 pm] Service_Signal_handler (1065) exiting.
[02-12-26 9:17:57 pm] Service_Signal_handler (1070) received signal 15.
[02-12-26 9:17:57 pm] Service_Signal_handler (1070) killing child (1115).
[02-12-26 9:17:57 pm] Service_Signal_handler (1070) exiting.
[02-12-26 9:17:57 pm] Service_Signal_handler (1061) received signal 15.
[02-12-26 9:17:57 pm] Service_Signal_handler (1061) killing child (1101).
[02-12-26 9:17:57 pm] Service_Signal_handler (1061) exiting.
[02-12-26 9:22:37 pm] FOGImageReplicator Start
[02-12-26 9:22:37 pm] FOGImageReplicator forked child process (18590).
[02-12-26 9:22:37 pm] FOGImageReplicator child process (18590) is running.
[02-12-26 9:22:38 pm] FOGMulticastManager Start
[02-12-26 9:22:38 pm] FOGMulticastManager forked child process (18621).
[02-12-26 9:22:38 pm] FOGMulticastManager child process (18621) is running.
[02-12-26 9:22:38 pm] FOGSnapinReplicator Start
[02-12-26 9:22:38 pm] FOGSnapinReplicator child process (18630) is running.
[02-12-26 9:22:38 pm] FOGSnapinReplicator forked child process (18630).
[02-12-26 9:22:38 pm] FOGTaskScheduler Start
[02-12-26 9:22:38 pm] FOGTaskScheduler child process (18646) is running.
[02-12-26 9:22:38 pm] FOGTaskScheduler forked child process (18646).
[02-12-26 9:22:38 pm] FOGImageSize Start
[02-12-26 9:22:38 pm] FOGImageSize forked child process (18656).
[02-12-26 9:22:38 pm] FOGImageSize child process (18656) is running.
[02-12-26 9:22:38 pm] FOGPingHosts Start
[02-12-26 9:22:38 pm] FOGPingHosts forked child process (18657).
[02-12-26 9:22:38 pm] FOGPingHosts child process (18657) is running.
[02-12-26 9:22:38 pm] FOGSnapinHash Start
[02-12-26 9:22:38 pm] FOGSnapinHash forked child process (18677).
[02-12-26 9:22:38 pm] FOGSnapinHash child process (18677) is running.
[02-12-26 10:10:28 pm] Service_Signal_handler (18572) received signal 15.
[02-12-26 10:10:28 pm] Service_Signal_handler (18572) killing child (18590).
[02-12-26 10:10:28 pm] Service_Signal_handler (18572) exiting.
[02-12-26 10:10:28 pm] Service_Signal_handler (18603) received signal 15.
[02-12-26 10:10:28 pm] Service_Signal_handler (18603) killing child (18656).
[02-12-26 10:10:28 pm] Service_Signal_handler (18603) exiting.
[02-12-26 10:10:28 pm] Service_Signal_handler (18567) received signal 15.
[02-12-26 10:10:28 pm] Service_Signal_handler (18567) killing child (18621).
[02-12-26 10:10:28 pm] Service_Signal_handler (18567) exiting.
[02-12-26 10:10:28 pm] Service_Signal_handler (18587) received signal 15.
[02-12-26 10:10:28 pm] Service_Signal_handler (18587) killing child (18657).
[02-12-26 10:10:28 pm] Service_Signal_handler (18587) exiting.
[02-12-26 10:10:28 pm] Service_Signal_handler (18582) received signal 15.
[02-12-26 10:10:28 pm] Service_Signal_handler (18582) killing child (18646).
[02-12-26 10:10:28 pm] Service_Signal_handler (18582) exiting.
[02-12-26 10:10:28 pm] Service_Signal_handler (18593) received signal 15.
[02-12-26 10:10:28 pm] Service_Signal_handler (18593) killing child (18677).
[02-12-26 10:10:28 pm] Service_Signal_handler (18593) exiting.
[02-12-26 10:10:28 pm] Service_Signal_handler (18577) received signal 15.
[02-12-26 10:10:28 pm] Service_Signal_handler (18577) killing child (18630).
[02-12-26 10:10:28 pm] Service_Signal_handler (18577) exiting.
[02-14-26 11:14:48 am] FOGSnapinHash Start
[02-14-26 11:14:48 am] FOGSnapinHash forked child process (1090).
[02-14-26 11:14:48 am] FOGSnapinHash child process (1090) is running.
[02-14-26 11:14:49 am] FOGImageSize Start
[02-14-26 11:14:49 am] FOGImageSize child process (1146) is running.
[02-14-26 11:14:49 am] FOGImageSize forked child process (1146).
[02-14-26 11:14:49 am] FOGImageReplicator Start
[02-14-26 11:14:49 am] FOGImageReplicator child process (1149) is running.
[02-14-26 11:14:49 am] FOGImageReplicator forked child process (1149).
[02-14-26 11:14:49 am] FOGMulticastManager Start
[02-14-26 11:14:49 am] FOGMulticastManager child process (1153) is running.
[02-14-26 11:14:49 am] FOGMulticastManager forked child process (1153).
[02-14-26 11:14:49 am] FOGTaskScheduler Start
[02-14-26 11:14:49 am] FOGTaskScheduler child process (1156) is running.
[02-14-26 11:14:49 am] FOGTaskScheduler forked child process (1156).
[02-14-26 11:14:49 am] FOGPingHosts Start
[02-14-26 11:14:49 am] FOGPingHosts forked child process (1165).
[02-14-26 11:14:49 am] FOGPingHosts child process (1165) is running.
[02-14-26 11:14:49 am] FOGSnapinReplicator Start
[02-14-26 11:14:49 am] FOGSnapinReplicator forked child process (1168).
[02-14-26 11:14:49 am] FOGSnapinReplicator child process (1168) is running.
[02-14-26 11:23:23 am] Service_Signal_handler (1120) received signal 15.
[02-14-26 11:23:23 am] Service_Signal_handler (1120) killing child (1149).
[02-14-26 11:23:23 am] Service_Signal_handler (1120) exiting.
[02-14-26 11:23:23 am] Service_Signal_handler (1124) received signal 15.
[02-14-26 11:23:23 am] Service_Signal_handler (1124) killing child (1153).
[02-14-26 11:23:23 am] Service_Signal_handler (1124) exiting.
[02-14-26 11:23:23 am] Service_Signal_handler (1122) received signal 15.
[02-14-26 11:23:23 am] Service_Signal_handler (1122) killing child (1146).
[02-14-26 11:23:23 am] Service_Signal_handler (1122) exiting.
[02-14-26 11:23:23 am] Service_Signal_handler (1125) received signal 15.
[02-14-26 11:23:23 am] Service_Signal_handler (1125) killing child (1165).
[02-14-26 11:23:23 am] Service_Signal_handler (1125) exiting.
[02-14-26 11:23:23 am] Service_Signal_handler (1127) received signal 15.
[02-14-26 11:23:23 am] Service_Signal_handler (1127) killing child (1156).
[02-14-26 11:23:23 am] Service_Signal_handler (1127) exiting.
[02-14-26 11:23:23 am] Service_Signal_handler (1129) received signal 15.
[02-14-26 11:23:23 am] Service_Signal_handler (1129) killing child (1168).
[02-14-26 11:23:23 am] Service_Signal_handler (1129) exiting.
[02-14-26 11:23:23 am] Service_Signal_handler (1071) received signal 15.
[02-14-26 11:23:23 am] Service_Signal_handler (1071) killing child (1090).
[02-14-26 11:23:23 am] Service_Signal_handler (1071) exiting.
[02-14-26 4:30:31 pm] FOGMulticastManager Start
[02-14-26 4:30:31 pm] FOGMulticastManager forked child process (1111).
[02-14-26 4:30:31 pm] FOGPingHosts Start
[02-14-26 4:30:31 pm] FOGPingHosts forked child process (1112).
[02-14-26 4:30:31 pm] FOGImageReplicator Start
[02-14-26 4:30:31 pm] FOGPingHosts child process (1112) is running.
[02-14-26 4:30:31 pm] FOGMulticastManager child process (1111) is running.
[02-14-26 4:30:31 pm] FOGImageReplicator forked child process (1113).
[02-14-26 4:30:31 pm] FOGImageReplicator child process (1113) is running.
[02-14-26 4:30:31 pm] FOGImageSize Start
[02-14-26 4:30:31 pm] FOGImageSize child process (1116) is running.
[02-14-26 4:30:31 pm] FOGImageSize forked child process (1116).
[02-14-26 4:30:31 pm] FOGTaskScheduler Start
[02-14-26 4:30:31 pm] FOGTaskScheduler forked child process (1154).
[02-14-26 4:30:31 pm] FOGSnapinReplicator Start
[02-14-26 4:30:31 pm] FOGTaskScheduler child process (1154) is running.
[02-14-26 4:30:31 pm] FOGSnapinReplicator child process (1155) is running.
[02-14-26 4:30:31 pm] FOGSnapinReplicator forked child process (1155).
[02-14-26 4:30:31 pm] FOGSnapinHash Start
[02-14-26 4:30:31 pm] FOGSnapinHash forked child process (1161).
[02-14-26 4:30:31 pm] FOGSnapinHash child process (1161) is running.
[02-14-26 5:47:59 pm] Service_Signal_handler (1073) received signal 15.
[02-14-26 5:47:59 pm] Service_Signal_handler (1073) killing child (1113).
[02-14-26 5:47:59 pm] Service_Signal_handler (1073) exiting.
[02-14-26 5:47:59 pm] Service_Signal_handler (1079) received signal 15.
[02-14-26 5:47:59 pm] Service_Signal_handler (1079) killing child (1111).
[02-14-26 5:47:59 pm] Service_Signal_handler (1079) exiting.
[02-14-26 5:47:59 pm] Service_Signal_handler (1080) received signal 15.
[02-14-26 5:47:59 pm] Service_Signal_handler (1080) killing child (1112).
[02-14-26 5:47:59 pm] Service_Signal_handler (1080) exiting.
[02-14-26 5:47:59 pm] Service_Signal_handler (1076) received signal 15.
[02-14-26 5:47:59 pm] Service_Signal_handler (1076) killing child (1116).
[02-14-26 5:47:59 pm] Service_Signal_handler (1076) exiting.
[02-14-26 5:47:59 pm] Service_Signal_handler (1081) received signal 15.
[02-14-26 5:47:59 pm] Service_Signal_handler (1081) killing child (1154).
[02-14-26 5:47:59 pm] Service_Signal_handler (1081) exiting.
[02-14-26 5:47:59 pm] Service_Signal_handler (1084) received signal 15.
[02-14-26 5:47:59 pm] Service_Signal_handler (1084) killing child (1155).
[02-14-26 5:47:59 pm] Service_Signal_handler (1084) exiting.
[02-14-26 5:47:59 pm] Service_Signal_handler (1083) received signal 15.
[02-14-26 5:47:59 pm] Service_Signal_handler (1083) killing child (1161).
[02-14-26 5:47:59 pm] Service_Signal_handler (1083) exiting.
[02-15-26 10:16:45 am] FOGImageSize Start
[02-15-26 10:16:45 am] FOGImageSize forked child process (1145).
[02-15-26 10:16:45 am] FOGImageSize child process (1145) is running.
[02-15-26 10:16:45 am] FOGImageReplicator Start
[02-15-26 10:16:45 am] FOGImageReplicator forked child process (1146).
[02-15-26 10:16:45 am] FOGImageReplicator child process (1146) is running.
[02-15-26 10:16:45 am] FOGMulticastManager Start
[02-15-26 10:16:45 am] FOGMulticastManager forked child process (1152).
[02-15-26 10:16:45 am] FOGMulticastManager child process (1152) is running.
[02-15-26 10:16:45 am] FOGTaskScheduler Start
[02-15-26 10:16:45 am] FOGSnapinHash Start
[02-15-26 10:16:45 am] FOGPingHosts Start
[02-15-26 10:16:45 am] FOGTaskScheduler forked child process (1154).
[02-15-26 10:16:45 am] FOGSnapinHash forked child process (1157).
[02-15-26 10:16:45 am] FOGSnapinHash child process (1157) is running.
[02-15-26 10:16:45 am] FOGTaskScheduler child process (1154) is running.
[02-15-26 10:16:45 am] FOGPingHosts forked child process (1159).
[02-15-26 10:16:45 am] FOGPingHosts child process (1159) is running.
[02-15-26 10:16:46 am] FOGSnapinReplicator Start
[02-15-26 10:16:46 am] FOGSnapinReplicator forked child process (1192).
[02-15-26 10:16:46 am] FOGSnapinReplicator child process (1192) is running.
[02-15-26 10:30:58 am] Service_Signal_handler (1104) received signal 15.
[02-15-26 10:30:58 am] Service_Signal_handler (1104) killing child (1145).
[02-15-26 10:30:58 am] Service_Signal_handler (1104) exiting.
[02-15-26 10:30:58 am] Service_Signal_handler (1100) received signal 15.
[02-15-26 10:30:58 am] Service_Signal_handler (1100) killing child (1146).
[02-15-26 10:30:58 am] Service_Signal_handler (1107) received signal 15.
[02-15-26 10:30:58 am] Service_Signal_handler (1107) killing child (1152).
[02-15-26 10:30:58 am] Service_Signal_handler (1107) exiting.
[02-15-26 10:30:58 am] Service_Signal_handler (1109) received signal 15.
[02-15-26 10:30:58 am] Service_Signal_handler (1109) killing child (1154).
[02-15-26 10:30:58 am] Service_Signal_handler (1100) exiting.
[02-15-26 10:30:58 am] Service_Signal_handler (1109) exiting.
[02-15-26 10:30:58 am] Service_Signal_handler (1108) received signal 15.
[02-15-26 10:30:58 am] Service_Signal_handler (1108) killing child (1159).
[02-15-26 10:30:58 am] Service_Signal_handler (1108) exiting.
[02-15-26 10:30:58 am] Service_Signal_handler (1113) received signal 15.
[02-15-26 10:30:58 am] Service_Signal_handler (1113) killing child (1192).
[02-15-26 10:30:58 am] Service_Signal_handler (1113) exiting.
[02-15-26 10:30:58 am] Service_Signal_handler (1112) received signal 15.
[02-15-26 10:30:58 am] Service_Signal_handler (1112) killing child (1157).
[02-15-26 10:30:58 am] Service_Signal_handler (1112) exiting.
[02-15-26 10:38:32 am] FOGSnapinHash Start
[02-15-26 10:38:32 am] FOGSnapinHash child process (953) is running.
[02-15-26 10:38:32 am] FOGSnapinHash forked child process (953).
[02-15-26 10:38:33 am] FOGImageReplicator Start
[02-15-26 10:38:33 am] FOGImageReplicator forked child process (1001).
[02-15-26 10:38:33 am] FOGImageReplicator child process (1001) is running.
[02-15-26 10:38:33 am] FOGImageSize Start
[02-15-26 10:38:33 am] FOGImageSize forked child process (1007).
[02-15-26 10:38:33 am] FOGImageSize child process (1007) is running.
[02-15-26 10:38:33 am] FOGMulticastManager Start
[02-15-26 10:38:33 am] FOGMulticastManager forked child process (1009).
[02-15-26 10:38:33 am] FOGMulticastManager child process (1009) is running.
[02-15-26 10:38:33 am] FOGTaskScheduler Start
[02-15-26 10:38:33 am] FOGTaskScheduler forked child process (1033).
[02-15-26 10:38:33 am] FOGTaskScheduler child process (1033) is running.
[02-15-26 10:38:33 am] FOGPingHosts Start
[02-15-26 10:38:33 am] FOGPingHosts forked child process (1047).
[02-15-26 10:38:33 am] FOGSnapinReplicator Start
[02-15-26 10:38:33 am] FOGSnapinReplicator forked child process (1048).
[02-15-26 10:38:33 am] FOGSnapinReplicator child process (1048) is running.
[02-15-26 10:38:33 am] FOGPingHosts child process (1047) is running.
[02-15-26 10:49:45 am] Service_Signal_handler (969) received signal 15.
[02-15-26 10:49:45 am] Service_Signal_handler (969) killing child (1001).
[02-15-26 10:49:45 am] Service_Signal_handler (969) exiting.
[02-15-26 10:49:45 am] Service_Signal_handler (973) received signal 15.
[02-15-26 10:49:45 am] Service_Signal_handler (973) killing child (1007).
[02-15-26 10:49:45 am] Service_Signal_handler (973) exiting.
[02-15-26 10:49:45 am] Service_Signal_handler (976) received signal 15.
[02-15-26 10:49:45 am] Service_Signal_handler (976) killing child (1009).
[02-15-26 10:49:45 am] Service_Signal_handler (976) exiting.
[02-15-26 10:49:45 am] Service_Signal_handler (978) received signal 15.
[02-15-26 10:49:45 am] Service_Signal_handler (978) killing child (1047).
[02-15-26 10:49:45 am] Service_Signal_handler (978) exiting.
[02-15-26 10:49:45 am] Service_Signal_handler (932) received signal 15.
[02-15-26 10:49:45 am] Service_Signal_handler (932) killing child (953).
[02-15-26 10:49:45 am] Service_Signal_handler (932) exiting.
[02-15-26 10:49:45 am] Service_Signal_handler (979) received signal 15.
[02-15-26 10:49:45 am] Service_Signal_handler (979) killing child (1033).
[02-15-26 10:49:45 am] Service_Signal_handler (979) exiting.
[02-15-26 10:49:45 am] Service_Signal_handler (981) received signal 15.
[02-15-26 10:49:45 am] Service_Signal_handler (981) killing child (1048).
[02-15-26 10:49:45 am] Service_Signal_handler (981) exiting.
[02-15-26 5:15:39 pm] FOGImageSize Start
[02-15-26 5:15:39 pm] FOGImageSize forked child process (1098).
[02-15-26 5:15:39 pm] FOGImageSize child process (1098) is running.
[02-15-26 5:15:39 pm] FOGTaskScheduler Start
[02-15-26 5:15:39 pm] FOGTaskScheduler forked child process (1100).
[02-15-26 5:15:39 pm] FOGTaskScheduler child process (1100) is running.
[02-15-26 5:15:39 pm] FOGSnapinHash Start
[02-15-26 5:15:39 pm] FOGSnapinHash forked child process (1104).
[02-15-26 5:15:39 pm] FOGSnapinReplicator Start
[02-15-26 5:15:39 pm] FOGSnapinHash child process (1104) is running.
[02-15-26 5:15:39 pm] FOGSnapinReplicator forked child process (1105).
[02-15-26 5:15:39 pm] FOGSnapinReplicator child process (1105) is running.
[02-15-26 5:15:39 pm] FOGImageReplicator Start
[02-15-26 5:15:39 pm] FOGImageReplicator forked child process (1108).
[02-15-26 5:15:39 pm] FOGImageReplicator child process (1108) is running.
[02-15-26 5:15:39 pm] FOGMulticastManager Start
[02-15-26 5:15:39 pm] FOGMulticastManager forked child process (1150).
[02-15-26 5:15:39 pm] FOGMulticastManager child process (1150) is running.
[02-15-26 5:15:39 pm] FOGPingHosts Start
[02-15-26 5:15:39 pm] FOGPingHosts child process (1155) is running.
[02-15-26 5:15:39 pm] FOGPingHosts forked child process (1155).
[02-15-26 5:56:07 pm] Service_Signal_handler (1070) received signal 15.
[02-15-26 5:56:07 pm] Service_Signal_handler (1070) killing child (1108).
[02-15-26 5:56:07 pm] Service_Signal_handler (1070) exiting.
[02-15-26 5:56:07 pm] Service_Signal_handler (1073) received signal 15.
[02-15-26 5:56:07 pm] Service_Signal_handler (1073) killing child (1098).
[02-15-26 5:56:07 pm] Service_Signal_handler (1073) exiting.
[02-15-26 5:56:07 pm] Service_Signal_handler (1075) received signal 15.
[02-15-26 5:56:07 pm] Service_Signal_handler (1075) killing child (1155).
[02-15-26 5:56:07 pm] Service_Signal_handler (1075) exiting.
[02-15-26 5:56:07 pm] Service_Signal_handler (1074) received signal 15.
[02-15-26 5:56:07 pm] Service_Signal_handler (1074) killing child (1150).
[02-15-26 5:56:07 pm] Service_Signal_handler (1074) exiting.
[02-15-26 5:56:07 pm] Service_Signal_handler (1078) received signal 15.
[02-15-26 5:56:07 pm] Service_Signal_handler (1078) killing child (1100).
[02-15-26 5:56:07 pm] Service_Signal_handler (1078) exiting.
[02-15-26 5:56:07 pm] Service_Signal_handler (1079) received signal 15.
[02-15-26 5:56:07 pm] Service_Signal_handler (1079) killing child (1104).
[02-15-26 5:56:07 pm] Service_Signal_handler (1079) exiting.
[02-15-26 5:56:07 pm] Service_Signal_handler (1082) received signal 15.
[02-15-26 5:56:07 pm] Service_Signal_handler (1082) killing child (1105).
[02-15-26 5:56:07 pm] Service_Signal_handler (1082) exiting.
[02-15-26 5:56:08 pm] FOGMulticastManager Start
[02-15-26 5:56:08 pm] FOGMulticastManager forked child process (3995).
[02-15-26 5:56:08 pm] FOGMulticastManager child process (3995) is running.
[02-15-26 5:56:08 pm] FOGImageReplicator Start
[02-15-26 5:56:08 pm] FOGImageReplicator forked child process (3997).
[02-15-26 5:56:08 pm] FOGImageReplicator child process (3997) is running.
[02-15-26 5:56:08 pm] FOGTaskScheduler Start
[02-15-26 5:56:08 pm] FOGTaskScheduler forked child process (4002).
[02-15-26 5:56:08 pm] FOGTaskScheduler child process (4002) is running.
[02-15-26 5:56:08 pm] FOGSnapinHash Start
[02-15-26 5:56:08 pm] FOGSnapinHash forked child process (4010).
[02-15-26 5:56:08 pm] FOGSnapinHash child process (4010) is running.
[02-15-26 5:56:08 pm] FOGSnapinReplicator Start
[02-15-26 5:56:08 pm] FOGSnapinReplicator child process (4012) is running.
[02-15-26 5:56:08 pm] FOGImageSize Start
[02-15-26 5:56:08 pm] FOGSnapinReplicator forked child process (4012).
[02-15-26 5:56:08 pm] FOGImageSize child process (4015) is running.
[02-15-26 5:56:08 pm] FOGPingHosts Start
[02-15-26 5:56:08 pm] FOGImageSize forked child process (4015).
[02-15-26 5:56:08 pm] FOGPingHosts forked child process (4019).
[02-15-26 5:56:08 pm] FOGPingHosts child process (4019) is running.
[02-15-26 6:49:48 pm] Service_Signal_handler (3984) received signal 15.
[02-15-26 6:49:48 pm] Service_Signal_handler (3984) killing child (3997).
[02-15-26 6:49:48 pm] Service_Signal_handler (3984) exiting.
[02-15-26 6:49:48 pm] Service_Signal_handler (3985) received signal 15.
[02-15-26 6:49:48 pm] Service_Signal_handler (3985) killing child (4015).
[02-15-26 6:49:48 pm] Service_Signal_handler (3985) exiting.
[02-15-26 6:49:48 pm] Service_Signal_handler (3974) received signal 15.
[02-15-26 6:49:48 pm] Service_Signal_handler (3974) killing child (3995).
[02-15-26 6:49:48 pm] Service_Signal_handler (3974) exiting.
[02-15-26 6:49:48 pm] Service_Signal_handler (3987) received signal 15.
[02-15-26 6:49:48 pm] Service_Signal_handler (3987) killing child (4002).
[02-15-26 6:49:48 pm] Service_Signal_handler (3987) exiting.
[02-15-26 6:49:48 pm] Service_Signal_handler (3986) received signal 15.
[02-15-26 6:49:48 pm] Service_Signal_handler (3986) killing child (4019).
[02-15-26 6:49:48 pm] Service_Signal_handler (3986) exiting.
[02-15-26 6:49:48 pm] Service_Signal_handler (3988) received signal 15.
[02-15-26 6:49:48 pm] Service_Signal_handler (3988) killing child (4010).
[02-15-26 6:49:48 pm] Service_Signal_handler (3988) exiting.
[02-15-26 6:49:48 pm] Service_Signal_handler (3989) received signal 15.
[02-15-26 6:49:48 pm] Service_Signal_handler (3989) killing child (4012).
[02-15-26 6:49:48 pm] Service_Signal_handler (3989) exiting.
[02-15-26 9:03:35 pm] FOGSnapinHash Start
[02-15-26 9:03:35 pm] FOGSnapinHash forked child process (1047).
[02-15-26 9:03:35 pm] FOGSnapinHash child process (1047) is running.
[02-15-26 9:03:35 pm] FOGImageReplicator Start
[02-15-26 9:03:35 pm] FOGImageReplicator forked child process (1067).
[02-15-26 9:03:35 pm] FOGImageReplicator child process (1067) is running.
[02-15-26 9:03:36 pm] FOGImageSize Start
[02-15-26 9:03:36 pm] FOGImageSize forked child process (1074).
[02-15-26 9:03:36 pm] FOGImageSize child process (1074) is running.
[02-15-26 9:03:36 pm] FOGMulticastManager Start
[02-15-26 9:03:36 pm] FOGMulticastManager forked child process (1095).
[02-15-26 9:03:36 pm] FOGMulticastManager child process (1095) is running.
[02-15-26 9:03:36 pm] FOGPingHosts Start
[02-15-26 9:03:36 pm] FOGPingHosts child process (1099) is running.
[02-15-26 9:03:36 pm] FOGPingHosts forked child process (1099).
[02-15-26 9:03:36 pm] FOGTaskScheduler Start
[02-15-26 9:03:36 pm] FOGTaskScheduler child process (1103) is running.
[02-15-26 9:03:36 pm] FOGTaskScheduler forked child process (1103).
[02-15-26 9:03:36 pm] FOGSnapinReplicator Start
[02-15-26 9:03:36 pm] FOGSnapinReplicator forked child process (1106).
[02-15-26 9:03:36 pm] FOGSnapinReplicator child process (1106) is running.
